#
# A fatal error has been detected by the Java Runtime Environment:
#
#  EXCEPTION_ACCESS_VIOLATION (0xc0000005) at pc=0x00007ffa6609232e, pid=15408, tid=824
#
# JRE version:  (19.0.2+7) (build )
# Java VM: Java HotSpot(TM) 64-Bit Server VM (19.0.2+7-44, mixed mode, sharing, tiered, compressed oops, compressed class ptrs, g1 gc, windows-amd64)
# Problematic frame:
# V  [jvm.dll+0x31232e]
#
# No core dump will be written. Minidumps are not enabled by default on client versions of Windows
#
#

---------------  S U M M A R Y ------------

Command Line: -Xmx16m org.eclipse.jdt.internal.launching.support.LibraryDetector

Host: Intel(R) Core(TM) i5-8265U CPU @ 1.60GHz, 8 cores, 19G,  Windows 10 , 64 bit Build 19041 (10.0.19041.2546)
Time: Mon Apr  3 19:41:34 2023 Eastern Daylight Time elapsed time: 0.041032 seconds (0d 0h 0m 0s)

---------------  T H R E A D  ---------------

Current thread (0x000001ea5b5cc8c0):  JavaThread "Unknown thread" [_thread_in_vm, id=824, stack(0x0000000a34200000,0x0000000a34300000)]

Stack: [0x0000000a34200000,0x0000000a34300000],  sp=0x0000000a342ff380,  free space=1020k
Native frames: (J=compiled Java code, j=interpreted, Vv=VM code, C=native code)
V  [jvm.dll+0x31232e]
V  [jvm.dll+0x312b04]
V  [jvm.dll+0x699906]
V  [jvm.dll+0x699b31]
V  [jvm.dll+0x698fcd]
V  [jvm.dll+0x694476]
V  [jvm.dll+0x8217b4]
V  [jvm.dll+0x3c2661]
V  [jvm.dll+0x801f51]
V  [jvm.dll+0x44ae8f]
V  [jvm.dll+0x44c811]
C  [jli.dll+0x5287]
C  [ucrtbase.dll+0x21bb2]
C  [KERNEL32.DLL+0x17614]
C  [ntdll.dll+0x526a1]


siginfo: EXCEPTION_ACCESS_VIOLATION (0xc0000005), reading address 0x0000000000000000


Registers:
RAX=0x00002f4c11a53a45, RBX=0x0000000000000000, RCX=0x0000000000000000, RDX=0x00007ffa6670c201
RSP=0x0000000a342ff380, RBP=0x0000000000000001, RSI=0x0000000800b104b0, RDI=0x0000000000000000
R8 =0x0000000000000001, R9 =0x0000000000000001, R10=0x0000000000000000, R11=0x0000000000000246
R12=0x0000000000000001, R13=0x000001ea59369e70, R14=0x0000000000000001, R15=0x0000000800000000
RIP=0x00007ffa6609232e, EFLAGS=0x0000000000010246


Top of Stack: (sp=0x0000000a342ff380)
0x0000000a342ff380:   00002f4c11a53b05 00007ffad4be67ce
0x0000000a342ff390:   0000000000010000 0000000000000000
0x0000000a342ff3a0:   0000000800470000 00007ffa660905af
0x0000000a342ff3b0:   000001ea5b5e2c80 000001ea5b630d40
0x0000000a342ff3c0:   00002f4c11a53b35 00007ffad4be2ad2
0x0000000a342ff3d0:   00002f4c11a53a45 000001ea5b5e2c80
0x0000000a342ff3e0:   0000000000000000 00007ffa66092b04
0x0000000a342ff3f0:   0000000000000000 0000000000000000
0x0000000a342ff400:   000001ea5b5e2c80 0000000000000000
0x0000000a342ff410:   0000000800b104a8 0000000800000001
0x0000000a342ff420:   0000000a342ff5c0 0000000a342ff5f8
0x0000000a342ff430:   0000000801000000 00007ffad48af000
0x0000000a342ff440:   0000000a342ff540 0000000800000000
0x0000000a342ff450:   00002f4c11a53a35 000001ea59369e70
0x0000000a342ff460:   0000000000000000 000001ea5b5e2c80
0x0000000a342ff470:   0000000a342ff580 0000000800000000 

Instructions: (pc=0x00007ffa6609232e)
0x00007ffa6609222e:   7e 80 67 00 e8 99 07 f7 ff 48 8b 0d 02 2f 8b 00
0x00007ffa6609223e:   48 85 c9 74 22 44 0f b6 83 41 02 00 00 48 8d 0d
0x00007ffa6609224e:   0e b3 67 00 0f b6 93 40 02 00 00 e8 d2 2f db ff
0x00007ffa6609225e:   48 8b 0d db 2e 8b 00 0f b6 05 da 5f 8c 00 38 83
0x00007ffa6609226e:   40 02 00 00 75 60 0f b6 05 cc 5f 8c 00 38 83 41
0x00007ffa6609227e:   02 00 00 75 51 80 bb 99 03 00 00 00 75 1f c6 05
0x00007ffa6609228e:   2d 21 86 00 00 48 85 c9 74 13 48 8d 0d c1 b3 67
0x00007ffa6609229e:   00 e8 8c 2f db ff 48 8b 0d 95 2e 8b 00 80 bb 9a
0x00007ffa660922ae:   03 00 00 00 75 18 c6 05 06 21 86 00 00 48 85 c9
0x00007ffa660922be:   74 0c 48 8d 0d 09 b4 67 00 e8 64 2f db ff b0 01
0x00007ffa660922ce:   48 83 c4 20 5b c3 48 8d 0d e5 b2 67 00 e8 30 d2
0x00007ffa660922de:   ff ff 32 c0 48 83 c4 20 5b c3 cc cc cc cc cc cc
0x00007ffa660922ee:   cc cc 48 89 5c 24 10 48 89 6c 24 18 48 89 74 24
0x00007ffa660922fe:   20 57 48 83 ec 60 48 8b 05 a5 68 88 00 48 33 c4
0x00007ffa6609230e:   48 89 44 24 50 80 3d e6 82 84 00 00 0f b6 ea 48
0x00007ffa6609231e:   8b f1 74 17 80 39 00 75 12 48 8b 0d 02 97 8b 00
0x00007ffa6609232e:   48 8b 01 ff 50 20 48 8b d8 eb 08 48 8b 59 18 48
0x00007ffa6609233e:   83 c3 04 48 83 3d 17 98 8b 00 00 40 b7 01 74 0f
0x00007ffa6609234e:   48 8b d3 48 8d 0d 80 9b 67 00 e8 13 17 f1 ff 48
0x00007ffa6609235e:   8d 54 24 20 48 8b cb e8 06 a9 3d 00 85 c0 74 19
0x00007ffa6609236e:   40 84 ed 74 14 48 8b d3 48 8d 0d 83 9b 67 00 e8
0x00007ffa6609237e:   8e d1 ff ff 40 32 ff eb 7a 80 3e 03 75 20 48 8b
0x00007ffa6609238e:   cb e8 ac 4e 3d 00 84 c0 75 69 48 8b d3 48 8d 0d
0x00007ffa6609239e:   8e 9b 67 00 e8 69 d1 ff ff 40 32 ff eb 55 48 8b
0x00007ffa660923ae:   56 08 4c 8b 44 24 40 48 85 d2 74 05 49 3b d0 75
0x00007ffa660923be:   0b 48 63 44 24 34 48 39 46 10 74 37 40 32 ff 40
0x00007ffa660923ce:   38 3d da 60 8c 00 74 1c 49 3b d0 48 8d 05 70 9b
0x00007ffa660923de:   67 00 48 8d 0d 81 9b 67 00 48 0f 45 c8 e8 20 d1
0x00007ffa660923ee:   ff ff eb 0f 48 8b d3 48 8d 0d 84 9b 67 00 e8 0f
0x00007ffa660923fe:   d1 ff ff 80 3d a6 60 8c 00 00 74 10 40 84 ff 75
0x00007ffa6609240e:   0b c6 05 ab d8 8d 00 01 b0 01 eb 04 40 0f b6 c7
0x00007ffa6609241e:   48 8b 4c 24 50 48 33 cc e8 b5 14 5a 00 4c 8d 5c 



---------------  P R O C E S S  ---------------

Threads class SMR info:
_java_thread_list=0x00007ffa668fd048, length=0, elements={
}

Java Threads: ( => current thread )

Other Threads:
  0x000001ea5b5f18f0 WorkerThread "GC Thread#0" [stack: 0x0000000a34300000,0x0000000a34400000] [id=10736]
  0x000001ea5b5f49e0 ConcurrentGCThread "G1 Main Marker" [stack: 0x0000000a34400000,0x0000000a34500000] [id=14056]
  0x000001ea5b5f5bb0 WorkerThread "G1 Conc#0" [stack: 0x0000000a34500000,0x0000000a34600000] [id=24400]
  0x000001ea5b6274f0 ConcurrentGCThread "G1 Refine#0" [stack: 0x0000000a34600000,0x0000000a34700000] [id=2476]
  0x000001ea5b628ee0 ConcurrentGCThread "G1 Service" [stack: 0x0000000a34700000,0x0000000a34800000] [id=17924]

=>0x000001ea5b5cc8c0 (exited) JavaThread "Unknown thread" [_thread_in_vm, id=824, stack(0x0000000a34200000,0x0000000a34300000)]

Threads with active compile tasks:

VM state: not at safepoint (not fully initialized)

VM Mutex/Monitor currently owned by a thread: None

Heap address: 0x00000000ff000000, size: 16 MB, Compressed Oops mode: 32-bit

CDS archive(s) mapped at: [0x0000000000000000-0x0000000000000000-0x0000000000000000), size 0, SharedBaseAddress: 0x0000000800000000, ArchiveRelocationMode: 0.
Narrow klass base: 0x0000000000000000, Narrow klass shift: 0, Narrow klass range: 0x0

GC Precious Log:
 CardTable entry size: 512
 Card Set container configuration: InlinePtr #cards 5 size 8 Array Of Cards #cards 12 size 40 Howl #buckets 4 coarsen threshold 1843 Howl Bitmap #cards 512 size 80 coarsen threshold 460 Card regions per heap region 1 cards per card region 2048
 CPUs: 8 total, 8 available
 Memory: 20367M
 Large Page Support: Disabled
 NUMA Support: Disabled
 Compressed Oops: Enabled (32-bit)
 Heap Region Size: 1M
 Heap Min Capacity: 8M
 Heap Initial Capacity: 16M
 Heap Max Capacity: 16M
 Pre-touch: Disabled
 Parallel Workers: 8
 Concurrent Workers: 2
 Concurrent Refinement Workers: 8
 Periodic GC: Disabled

Heap:
 garbage-first heap   total 16384K, used 0K [0x00000000ff000000, 0x0000000100000000)
  region size 1024K, 0 young (0K), 0 survivors (0K)

[error occurred during error reporting (printing heap information), id 0xc0000005, EXCEPTION_ACCESS_VIOLATION (0xc0000005) at pc=0x00007ffa664c6649]

GC Heap History (0 events):
No events

Dll operation events (2 events):
Event: 0.016 Loaded shared library C:\Program Files\Java\jdk-19\bin\java.dll
Event: 0.018 Loaded shared library C:\Program Files\Java\jdk-19\bin\zip.dll

Deoptimization events (0 events):
No events

Classes loaded (0 events):
No events

Classes unloaded (0 events):
No events

Classes redefined (0 events):
No events

Internal exceptions (0 events):
No events

VM Operations (0 events):
No events

Events (0 events):
No events


Dynamic libraries:
0x00007ff7befe0000 - 0x00007ff7beff0000 	C:\Program Files\Java\jdk-19\bin\javaw.exe
0x00007ffad7050000 - 0x00007ffad7248000 	C:\WINDOWS\SYSTEM32\ntdll.dll
0x00007ffad5770000 - 0x00007ffad582f000 	C:\WINDOWS\System32\KERNEL32.DLL
0x00007ffad4b80000 - 0x00007ffad4e52000 	C:\WINDOWS\System32\KERNELBASE.dll
0x00007ffad48a0000 - 0x00007ffad49a0000 	C:\WINDOWS\System32\ucrtbase.dll
0x00007ffa9ec80000 - 0x00007ffa9ec98000 	C:\Program Files\Java\jdk-19\bin\jli.dll
0x00007ffa9e270000 - 0x00007ffa9e28b000 	C:\Program Files\Java\jdk-19\bin\VCRUNTIME140.dll
0x00007ffad6f60000 - 0x00007ffad700e000 	C:\WINDOWS\System32\ADVAPI32.dll
0x00007ffad5920000 - 0x00007ffad59be000 	C:\WINDOWS\System32\msvcrt.dll
0x00007ffad5c20000 - 0x00007ffad5cbc000 	C:\WINDOWS\System32\sechost.dll
0x00007ffad6470000 - 0x00007ffad6594000 	C:\WINDOWS\System32\RPCRT4.dll
0x00007ffad5530000 - 0x00007ffad56d1000 	C:\WINDOWS\System32\USER32.dll
0x00007ffad4750000 - 0x00007ffad4772000 	C:\WINDOWS\System32\win32u.dll
0x00007ffad5230000 - 0x00007ffad525b000 	C:\WINDOWS\System32\GDI32.dll
0x00007ffad4f90000 - 0x00007ffad509f000 	C:\WINDOWS\System32\gdi32full.dll
0x00007ffab8510000 - 0x00007ffab87aa000 	C:\WINDOWS\WinSxS\amd64_microsoft.windows.common-controls_6595b64144ccf1df_6.0.19041.1110_none_60b5254171f9507e\COMCTL32.dll
0x00007ffad4ef0000 - 0x00007ffad4f8d000 	C:\WINDOWS\System32\msvcp_win.dll
0x00007ffac86d0000 - 0x00007ffac86da000 	C:\WINDOWS\SYSTEM32\VERSION.dll
0x00007ffad54a0000 - 0x00007ffad54d0000 	C:\WINDOWS\System32\IMM32.DLL
0x00007ffabcf50000 - 0x00007ffabcf5c000 	C:\Program Files\Java\jdk-19\bin\vcruntime140_1.dll
0x00007ffa9e1e0000 - 0x00007ffa9e26e000 	C:\Program Files\Java\jdk-19\bin\msvcp140.dll
0x00007ffa65d80000 - 0x00007ffa66a40000 	C:\Program Files\Java\jdk-19\bin\server\jvm.dll
0x00007ffab6010000 - 0x00007ffab6037000 	C:\WINDOWS\SYSTEM32\WINMM.dll
0x00007ffacb340000 - 0x00007ffacb349000 	C:\WINDOWS\SYSTEM32\WSOCK32.dll
0x00007ffad5890000 - 0x00007ffad58fb000 	C:\WINDOWS\System32\WS2_32.dll
0x00007ffad2fb0000 - 0x00007ffad2fc2000 	C:\WINDOWS\SYSTEM32\kernel.appcore.dll
0x00007ffabc000000 - 0x00007ffabc00a000 	C:\Program Files\Java\jdk-19\bin\jimage.dll
0x00007ffaceae0000 - 0x00007ffacecc4000 	C:\WINDOWS\SYSTEM32\DBGHELP.DLL
0x00007ffaad370000 - 0x00007ffaad3a5000 	C:\WINDOWS\SYSTEM32\dbgcore.DLL
0x00007ffad4e60000 - 0x00007ffad4ee2000 	C:\WINDOWS\System32\bcryptPrimitives.dll
0x00007ffa9e1b0000 - 0x00007ffa9e1d6000 	C:\Program Files\Java\jdk-19\bin\java.dll
0x00007ffa9e190000 - 0x00007ffa9e1a8000 	C:\Program Files\Java\jdk-19\bin\zip.dll

dbghelp: loaded successfully - version: 4.0.5 - missing functions: none
symbol engine: initialized successfully - sym options: 0x614 - pdb path: .;C:\Program Files\Java\jdk-19\bin;C:\WINDOWS\SYSTEM32;C:\WINDOWS\WinSxS\amd64_microsoft.windows.common-controls_6595b64144ccf1df_6.0.19041.1110_none_60b5254171f9507e;C:\Program Files\Java\jdk-19\bin\server

VM Arguments:
jvm_args: -Xmx16m 
java_command: org.eclipse.jdt.internal.launching.support.LibraryDetector
java_class_path (initial): C:\Users\user\AppData\Roaming\Code\User\globalStorage\redhat.java\1.16.0\config_win\org.eclipse.osgi\52\0\.cp\lib\launchingsupport.jar
Launcher Type: SUN_STANDARD

[Global flags]
     intx CICompilerCount                          = 4                                         {product} {ergonomic}
     uint ConcGCThreads                            = 2                                         {product} {ergonomic}
     uint G1ConcRefinementThreads                  = 8                                         {product} {ergonomic}
   size_t G1HeapRegionSize                         = 1048576                                   {product} {ergonomic}
    uintx GCDrainStackTargetSize                   = 64                                        {product} {ergonomic}
   size_t InitialHeapSize                          = 16777216                                  {product} {ergonomic}
   size_t MarkStackSize                            = 4194304                                   {product} {ergonomic}
   size_t MaxHeapSize                              = 16777216                                  {product} {command line}
   size_t MaxNewSize                               = 9437184                                   {product} {ergonomic}
   size_t MinHeapDeltaBytes                        = 1048576                                   {product} {ergonomic}
   size_t MinHeapSize                              = 8388608                                   {product} {ergonomic}
    uintx NonNMethodCodeHeapSize                   = 5839372                                {pd product} {ergonomic}
    uintx NonProfiledCodeHeapSize                  = 122909434                              {pd product} {ergonomic}
    uintx ProfiledCodeHeapSize                     = 122909434                              {pd product} {ergonomic}
    uintx ReservedCodeCacheSize                    = 251658240                              {pd product} {ergonomic}
     bool SegmentedCodeCache                       = true                                      {product} {ergonomic}
   size_t SoftMaxHeapSize                          = 16777216                               {manageable} {ergonomic}
     bool UseCompressedClassPointers               = true                           {product lp64_product} {ergonomic}
     bool UseCompressedOops                        = true                           {product lp64_product} {ergonomic}
     bool UseG1GC                                  = true                                      {product} {ergonomic}
     bool UseLargePagesIndividualAllocation        = false                                  {pd product} {ergonomic}

Logging:
Log output configuration:
 #0: stdout all=warning uptime,level,tags foldmultilines=false
 #1: stderr all=off uptime,level,tags foldmultilines=false

Environment Variables:
PATH=C:\Python310\Scripts\;C:\Python310\;C:\Users\user\AppData\Local\Programs\Python\Python39\Scripts\;C:\Users\user\AppData\Local\Programs\Python\Python39;C:\ProgramData\Oracle\Java\javapath;C:\windows\system32;C:\windows;C:\windows\System32\Wbem;C:\windows\System32\WindowsPowerShell\v1.0\;C:\windows\System32\OpenSSH\;C:\WINDOWS\system32;C:\WINDOWS;C:\WINDOWS\System32\Wbem;C:\WINDOWS\System32\WindowsPowerShell\v1.0\;C:\WINDOWS\System32\OpenSSH\;C:\Users\user\AppData\Local\Programs\Python\Python37;C:\Users\user\AppData\Local\Programs\Python\Python37\Lib\site-packages\pip;C:\MinGW\bin;C:\Users\user\Desktop\idont_know_what_are_these\driver;C:\Program Files\dotnet\;C:\WINDOWS\system32;C:\WINDOWS;C:\WINDOWS\System32\Wbem;C:\WINDOWS\System32\WindowsPowerShell\v1.0\;C:\WINDOWS\System32\OpenSSH\;C:\Program Files (x86)\Geany CP\bin\;C:\Program Files\MATLAB\R2021a\bin;C:\Program Files\nodejs\;C:\ProgramData\chocolatey\bin;D:\Git\cmd;C:\Program Files (x86)\Geany CP\bin;C:\Users\user\AppData\Roaming\Python\Python310\Scripts;;C:\Program Files\Git LFS;C:\Program Files\MySQL\MySQL Shell 8.0\bin\;C:\Users\user\AppData\Local\Programs\Python\Python39\Scripts\;C:\Users\user\AppData\Local\Programs\Python\Python39\;C:\Users\user\AppData\Local\Microsoft\WindowsApps;C:\Users\user\AppData\Local\Programs\Microsoft VS Code\bin;C:\Users\user\Desktop\mingw;C:\Users\user\AppData\Local\GitHubDesktop\bin;C:\Users\user\AppData\Roaming\npm;D:\heroku\bin;D:\;C:\Users\user\AppData\Roaming\TinyTeX\bin\win32
USERNAME=user
OS=Windows_NT
PROCESSOR_IDENTIFIER=Intel64 Family 6 Model 142 Stepping 11, GenuineIntel
TMP=C:\Users\user\AppData\Local\Temp
TEMP=C:\Users\user\AppData\Local\Temp



---------------  S Y S T E M  ---------------

OS:
 Windows 10 , 64 bit Build 19041 (10.0.19041.2546)
OS uptime: 1 days 9:08 hours
Hyper-V role detected

CPU: total 8 (initial active 8) (4 cores per cpu, 2 threads per core) family 6 model 142 stepping 11 microcode 0xde, cx8, cmov, fxsr, ht, mmx, 3dnowpref, sse, sse2, sse3, ssse3, sse4.1, sse4.2, popcnt, lzcnt, tsc, tscinvbit, avx, avx2, aes, erms, clmul, bmi1, bmi2, adx, fma, vzeroupper, clflush, clflushopt, hv, rdtscp

Memory: 4k page, system-wide physical 20367M (1839M free)
TotalPageFile size 35757M (AvailPageFile size 8619M)
current process WorkingSet (physical memory assigned to process): 11M, peak: 11M
current process commit charge ("private bytes"): 88M, peak: 88M

vm_info: Java HotSpot(TM) 64-Bit Server VM (19.0.2+7-44) for windows-amd64 JRE (19.0.2+7-44), built on 2022-11-30T18:02:09Z by "mach5one" with MS VC++ 17.1 (VS2022)

END.
